{"C:\\Users\\herby\\WebstormProjects\\testPuppeteer\\multiple.js": {"path":"C:\\Users\\herby\\WebstormProjects\\testPuppeteer\\multiple.js","statementMap":{"0":{"start":{"line":2,"column":4},"end":{"line":5,"column":22}},"1":{"start":{"line":3,"column":8},"end":{"line":3,"column":17}},"2":{"start":{"line":5,"column":9},"end":{"line":5,"column":22}},"3":{"start":{"line":7,"column":0},"end":{"line":7,"column":28}}},"fnMap":{"0":{"name":"multiple","decl":{"start":{"line":1,"column":9},"end":{"line":1,"column":17}},"loc":{"start":{"line":1,"column":24},"end":{"line":6,"column":1}},"line":1}},"branchMap":{"0":{"loc":{"start":{"line":2,"column":4},"end":{"line":5,"column":22}},"type":"if","locations":[{"start":{"line":2,"column":4},"end":{"line":5,"column":22}},{"start":{"line":2,"column":4},"end":{"line":5,"column":22}}],"line":2}},"s":{"0":1,"1":0,"2":1,"3":1},"f":{"0":1},"b":{"0":[0,1]},"_coverageSchema":"43e27e138ebf9cfc5966b082cf9a028302ed4184","hash":"ca8e09714347553339d1eb18139feb23b2af41fc"}
,"C:\\Users\\herby\\WebstormProjects\\testPuppeteer\\sum.js": {"path":"C:\\Users\\herby\\WebstormProjects\\testPuppeteer\\sum.js","statementMap":{"0":{"start":{"line":2,"column":4},"end":{"line":2,"column":17}},"1":{"start":{"line":4,"column":0},"end":{"line":4,"column":21}}},"fnMap":{"0":{"name":"sum","decl":{"start":{"line":1,"column":9},"end":{"line":1,"column":12}},"loc":{"start":{"line":1,"column":19},"end":{"line":3,"column":1}},"line":1}},"branchMap":{},"s":{"0":1,"1":1},"f":{"0":1},"b":{},"_coverageSchema":"43e27e138ebf9cfc5966b082cf9a028302ed4184","hash":"b1c70f1f962246533286de8a9926817555315741"}
}
